<?xml version="1.0" encoding="UTF-8"?>
<!-- Generated by org.testng.reporters.JUnitXMLReporter -->
<testsuite hostname="shrawan-HP-ProBook-440-G5" failures="0" tests="3" name="Test" time="8.233" errors="0" timestamp="5 Jun 2020 13:28:19 GMT">
  <testcase classname="com.gemini.solutions.testFramework.testClass.DataVerificationTest" name="TC001_ListAllCountriesMissingInTablePresentInApiResponse" time="4.555"/>
  <testcase classname="com.gemini.solutions.testFramework.testClass.DataVerificationTest" name="TC002_AllCountriesWhosDataMisMatchBetweenDBAndApi" time="2.068"/>
  <testcase classname="com.gemini.solutions.testFramework.testClass.DataVerificationTest" name="TC003_checkWhetherCountryReturnedSameForMaxNumberOfBoundaryFromAPIAndDB" time="1.587"/>
</testsuite> <!-- Test -->
