<?xml version="1.0" encoding="UTF-8"?>
<!-- Generated by org.testng.reporters.JUnitXMLReporter -->
<testsuite hostname="shrawan-HP-ProBook-440-G5" failures="0" tests="3" name="Test" time="8.157" errors="0" timestamp="5 Jun 2020 18:55:27 GMT">
  <testcase classname="com.gemini.solutions.testFramework.testClass.DataVerificationTest" name="TC001_ListAllCountriesMissingInTablePresentInApiResponse" time="4.213"/>
  <testcase classname="com.gemini.solutions.testFramework.testClass.DataVerificationTest" name="TC002_AllCountriesWhosDataMisMatchBetweenDBAndApi" time="1.993"/>
  <testcase classname="com.gemini.solutions.testFramework.testClass.DataVerificationTest" name="TC003_checkWhetherCountryReturnedSameForMaxNumberOfBoundaryFromAPIAndDB" time="1.938"/>
</testsuite> <!-- Test -->
