<?xml version="1.0" encoding="UTF-8"?>
<testng-results total="1" passed="1" failed="0" skipped="0">
  <reporter-output>
  </reporter-output>
  <suite started-at="2020-06-05T18:33:59Z" name="Suite" finished-at="2020-06-05T18:34:03Z" duration-ms="4611">
    <groups>
    </groups>
    <test started-at="2020-06-05T18:33:59Z" name="Test" finished-at="2020-06-05T18:34:03Z" duration-ms="4611">
      <class name="com.gemini.solutions.testFramework.testClass.DataVerificationTest">
        <test-method signature="TC003_checkWhetherCountryReturnedSameForMaxNumberOfBoundaryFromAPIAndDB()[pri:0, instance:com.gemini.solutions.testFramework.testClass.DataVerificationTest@4d339552]" started-at="2020-06-06T00:03:59Z" name="TC003_checkWhetherCountryReturnedSameForMaxNumberOfBoundaryFromAPIAndDB" description="Execute the API and check whether country which has maximum number of countries bordering with are same or not between API and DB" finished-at="2020-06-06T00:04:03Z" duration-ms="4592" status="PASS">
          <reporter-output>
          </reporter-output>
        </test-method> <!-- TC003_checkWhetherCountryReturnedSameForMaxNumberOfBoundaryFromAPIAndDB -->
      </class> <!-- com.gemini.solutions.testFramework.testClass.DataVerificationTest -->
    </test> <!-- Test -->
  </suite> <!-- Suite -->
</testng-results>
